<?xml version="1.0" encoding="UTF-8"?>
<coverage generated="1790169652847" clover="3.2.0">
  <project timestamp="1790169652848" name="All files">
    <metrics statements="138" coveredstatements="113" conditionals="116" coveredconditionals="78" methods="65" coveredmethods="51" elements="319" coveredelements="242" complexity="0" loc="138" ncloc="138" packages="5" files="11" classes="11"/>
    <package name="components.ui">
      <metrics statements="13" coveredstatements="10" conditionals="12" coveredconditionals="11" methods="11" coveredmethods="8"/>
      <file name="button.tsx" path="C:\Users\Rahul\Documents\stylework-lead-tracker\frontend\src\components\ui\button.tsx">
        <metrics statements="3" coveredstatements="3" conditionals="5" coveredconditionals="4" methods="1" coveredmethods="1"/>
        <line num="6" count="1" type="stmt"/>
        <line num="53" count="30" type="cond" truecount="1" falsecount="1"/>
        <line num="55" count="30" type="stmt"/>
      </file>
      <file name="select.tsx" path="C:\Users\Rahul\Documents\stylework-lead-tracker\frontend\src\components\ui\select.tsx">
        <metrics statements="10" coveredstatements="7" conditionals="7" coveredconditionals="7" methods="10" coveredmethods="7"/>
        <line num="9" count="28" type="stmt"/>
        <line num="16" count="0" type="stmt"/>
        <line num="28" count="23" type="stmt"/>
        <line num="39" count="28" type="stmt"/>
        <line num="64" count="28" type="stmt"/>
        <line num="94" count="0" type="stmt"/>
        <line num="108" count="186" type="stmt"/>
        <line num="131" count="0" type="stmt"/>
        <line num="144" count="33" type="stmt"/>
        <line num="163" count="33" type="stmt"/>
      </file>
    </package>
    <package name="features.leads.components">
      <metrics statements="39" coveredstatements="34" conditionals="32" coveredconditionals="26" methods="21" coveredmethods="20"/>
      <file name="LeadStatusBadge.tsx" path="C:\Users\Rahul\Documents\stylework-lead-tracker\frontend\src\features\leads\components\LeadStatusBadge.tsx">
        <metrics statements="3" coveredstatements="3" conditionals="0" coveredconditionals="0" methods="1" coveredmethods="1"/>
        <line num="14" count="1" type="stmt"/>
        <line num="52" count="54" type="stmt"/>
        <line num="54" count="54" type="stmt"/>
      </file>
      <file name="LeadStatusSelect.tsx" path="C:\Users\Rahul\Documents\stylework-lead-tracker\frontend\src\features\leads\components\LeadStatusSelect.tsx">
        <metrics statements="7" coveredstatements="6" conditionals="7" coveredconditionals="6" methods="3" coveredmethods="3"/>
        <line num="25" count="1" type="stmt"/>
        <line num="54" count="1" type="stmt"/>
        <line num="56" count="1" type="cond" truecount="1" falsecount="1"/>
        <line num="57" count="0" type="stmt"/>
        <line num="60" count="1" type="stmt"/>
        <line num="63" count="5" type="stmt"/>
        <line num="145" count="25" type="stmt"/>
      </file>
      <file name="LeadsSearch.tsx" path="C:\Users\Rahul\Documents\stylework-lead-tracker\frontend\src\features\leads\components\LeadsSearch.tsx">
        <metrics statements="3" coveredstatements="3" conditionals="9" coveredconditionals="9" methods="3" coveredmethods="3"/>
        <line num="18" count="7" type="stmt"/>
        <line num="42" count="1" type="stmt"/>
        <line num="103" count="1" type="stmt"/>
      </file>
      <file name="LeadsTable.tsx" path="C:\Users\Rahul\Documents\stylework-lead-tracker\frontend\src\features\leads\components\LeadsTable.tsx">
        <metrics statements="26" coveredstatements="22" conditionals="16" coveredconditionals="11" methods="14" coveredmethods="13"/>
        <line num="37" count="1" type="cond" truecount="1" falsecount="1"/>
        <line num="38" count="0" type="stmt"/>
        <line num="41" count="1" type="stmt"/>
        <line num="45" count="2" type="stmt"/>
        <line num="50" count="2" type="cond" truecount="1" falsecount="1"/>
        <line num="51" count="0" type="stmt"/>
        <line num="54" count="2" type="stmt"/>
        <line num="56" count="2" type="cond" truecount="1" falsecount="1"/>
        <line num="57" count="0" type="stmt"/>
        <line num="60" count="2" type="stmt"/>
        <line num="71" count="0" type="stmt"/>
        <line num="137" count="10" type="stmt"/>
        <line num="138" count="10" type="stmt"/>
        <line num="149" count="1" type="cond" truecount="1" falsecount="1"/>
        <line num="151" count="1" type="stmt"/>
        <line num="222" count="2" type="cond" truecount="4" falsecount="0"/>
        <line num="224" count="2" type="stmt"/>
        <line num="263" count="1" type="cond" truecount="3" falsecount="1"/>
        <line num="265" count="1" type="stmt"/>
        <line num="303" count="2" type="stmt"/>
        <line num="310" count="1" type="stmt"/>
        <line num="317" count="1" type="stmt"/>
        <line num="333" count="1" type="stmt"/>
        <line num="364" count="10" type="stmt"/>
        <line num="366" count="10" type="stmt"/>
        <line num="390" count="1" type="stmt"/>
      </file>
    </package>
    <package name="features.leads.hooks">
      <metrics statements="23" coveredstatements="20" conditionals="3" coveredconditionals="2" methods="15" coveredmethods="12"/>
      <file name="useDebouncedValue.ts" path="C:\Users\Rahul\Documents\stylework-lead-tracker\frontend\src\features\leads\hooks\useDebouncedValue.ts">
        <metrics statements="7" coveredstatements="7" conditionals="1" coveredconditionals="1" methods="4" coveredmethods="4"/>
        <line num="4" count="10" type="stmt"/>
        <line num="6" count="10" type="stmt"/>
        <line num="7" count="8" type="stmt"/>
        <line num="8" count="2" type="stmt"/>
        <line num="11" count="8" type="stmt"/>
        <line num="12" count="8" type="stmt"/>
        <line num="16" count="10" type="stmt"/>
      </file>
      <file name="useLeadStatus.ts" path="C:\Users\Rahul\Documents\stylework-lead-tracker\frontend\src\features\leads\hooks\useLeadStatus.ts">
        <metrics statements="12" coveredstatements="12" conditionals="2" coveredconditionals="1" methods="8" coveredmethods="8"/>
        <line num="24" count="4" type="stmt"/>
        <line num="26" count="4" type="stmt"/>
        <line num="28" count="2" type="stmt"/>
        <line num="33" count="1" type="stmt"/>
        <line num="37" count="1" type="stmt"/>
        <line num="41" count="1" type="stmt"/>
        <line num="47" count="4" type="stmt"/>
        <line num="49" count="4" type="stmt"/>
        <line num="51" count="2" type="stmt"/>
        <line num="57" count="1" type="stmt"/>
        <line num="61" count="1" type="stmt"/>
        <line num="69" count="1" type="stmt"/>
      </file>
      <file name="useLeads.ts" path="C:\Users\Rahul\Documents\stylework-lead-tracker\frontend\src\features\leads\hooks\useLeads.ts">
        <metrics statements="4" coveredstatements="1" conditionals="0" coveredconditionals="0" methods="3" coveredmethods="0"/>
        <line num="7" count="1" type="stmt"/>
        <line num="10" count="0" type="stmt"/>
        <line num="14" count="0" type="stmt"/>
        <line num="17" count="0" type="stmt"/>
      </file>
    </package>
    <package name="features.leads.validation">
      <metrics statements="11" coveredstatements="11" conditionals="8" coveredconditionals="8" methods="2" coveredmethods="2"/>
      <file name="leadSearch.ts" path="C:\Users\Rahul\Documents\stylework-lead-tracker\frontend\src\features\leads\validation\leadSearch.ts">
        <metrics statements="11" coveredstatements="11" conditionals="8" coveredconditionals="8" methods="2" coveredmethods="2"/>
        <line num="2" count="50" type="stmt"/>
        <line num="6" count="35" type="stmt"/>
        <line num="8" count="35" type="cond" truecount="2" falsecount="0"/>
        <line num="9" count="16" type="stmt"/>
        <line num="12" count="19" type="cond" truecount="2" falsecount="0"/>
        <line num="13" count="2" type="stmt"/>
        <line num="16" count="17" type="cond" truecount="2" falsecount="0"/>
        <line num="17" count="1" type="stmt"/>
        <line num="20" count="16" type="cond" truecount="2" falsecount="0"/>
        <line num="21" count="1" type="stmt"/>
        <line num="24" count="15" type="stmt"/>
      </file>
    </package>
    <package name="pages">
      <metrics statements="52" coveredstatements="38" conditionals="61" coveredconditionals="31" methods="16" coveredmethods="9"/>
      <file name="LeadsPage.tsx" path="C:\Users\Rahul\Documents\stylework-lead-tracker\frontend\src\pages\LeadsPage.tsx">
        <metrics statements="52" coveredstatements="38" conditionals="61" coveredconditionals="31" methods="16" coveredmethods="9"/>
        <line num="41" count="1" type="stmt"/>
        <line num="44" count="29" type="stmt"/>
        <line num="46" count="29" type="stmt"/>
        <line num="48" count="29" type="stmt"/>
        <line num="50" count="29" type="stmt"/>
        <line num="52" count="29" type="stmt"/>
        <line num="54" count="29" type="stmt"/>
        <line num="56" count="29" type="stmt"/>
        <line num="58" count="29" type="stmt"/>
        <line num="63" count="29" type="stmt"/>
        <line num="65" count="29" type="stmt"/>
        <line num="67" count="29" type="cond" truecount="1" falsecount="1"/>
        <line num="79" count="29" type="stmt"/>
        <line num="90" count="29" type="stmt"/>
        <line num="91" count="13" type="cond" truecount="2" falsecount="0"/>
        <line num="92" count="1" type="stmt"/>
        <line num="95" count="12" type="stmt"/>
        <line num="97" count="12" type="stmt"/>
        <line num="98" count="12" type="cond" truecount="2" falsecount="0"/>
        <line num="99" count="8" type="stmt"/>
        <line num="102" count="4" type="stmt"/>
        <line num="104" count="4" type="stmt"/>
        <line num="108" count="29" type="stmt"/>
        <line num="109" count="13" type="stmt"/>
        <line num="121" count="29" type="stmt"/>
        <line num="123" count="29" type="cond" truecount="1" falsecount="1"/>
        <line num="125" count="29" type="cond" truecount="1" falsecount="1"/>
        <line num="128" count="29" type="cond" truecount="1" falsecount="1"/>
        <line num="132" count="29" type="stmt"/>
        <line num="134" count="29" type="cond" truecount="2" falsecount="0"/>
        <line num="143" count="29" type="cond" truecount="2" falsecount="0"/>
        <line num="146" count="0" type="stmt"/>
        <line num="148" count="0" type="stmt"/>
        <line num="150" count="0" type="stmt"/>
        <line num="152" count="0" type="stmt"/>
        <line num="160" count="5" type="stmt"/>
        <line num="164" count="0" type="cond" truecount="0" falsecount="2"/>
        <line num="166" count="0" type="stmt"/>
        <line num="170" count="1" type="stmt"/>
        <line num="177" count="0" type="cond" truecount="0" falsecount="2"/>
        <line num="178" count="0" type="stmt"/>
        <line num="181" count="0" type="stmt"/>
        <line num="183" count="0" type="stmt"/>
        <line num="192" count="0" type="stmt"/>
        <line num="202" count="1" type="stmt"/>
        <line num="208" count="29" type="stmt"/>
        <line num="776" count="1" type="stmt"/>
        <line num="823" count="0" type="stmt"/>
        <line num="840" count="1" type="stmt"/>
        <line num="841" count="1" type="stmt"/>
        <line num="862" count="0" type="stmt"/>
        <line num="940" count="0" type="stmt"/>
      </file>
    </package>
  </project>
</coverage>
