{"C:\\Users\\Rahul\\Documents\\stylework-lead-tracker\\frontend\\src\\components\\ui\\button.tsx": {"path":"C:\\Users\\Rahul\\Documents\\stylework-lead-tracker\\frontend\\src\\components\\ui\\button.tsx","statementMap":{"0":{"start":{"line":6,"column":23},"end":{"line":41,"column":null}},"1":{"start":{"line":53,"column":15},"end":{"line":53,"column":null}},"2":{"start":{"line":55,"column":2},"end":{"line":62,"column":null}}},"fnMap":{"0":{"name":"Button","decl":{"start":{"line":43,"column":9},"end":{"line":43,"column":16}},"loc":{"start":{"line":52,"column":5},"end":{"line":64,"column":null}},"line":52}},"branchMap":{"0":{"loc":{"start":{"line":45,"column":2},"end":{"line":45,"column":null}},"type":"default-arg","locations":[{"start":{"line":45,"column":12},"end":{"line":45,"column":null}}],"line":45},"1":{"loc":{"start":{"line":46,"column":2},"end":{"line":46,"column":null}},"type":"default-arg","locations":[{"start":{"line":46,"column":9},"end":{"line":46,"column":null}}],"line":46},"2":{"loc":{"start":{"line":47,"column":2},"end":{"line":47,"column":null}},"type":"default-arg","locations":[{"start":{"line":47,"column":12},"end":{"line":47,"column":null}}],"line":47},"3":{"loc":{"start":{"line":53,"column":15},"end":{"line":53,"column":null}},"type":"cond-expr","locations":[{"start":{"line":53,"column":25},"end":{"line":53,"column":37}},{"start":{"line":53,"column":37},"end":{"line":53,"column":null}}],"line":53}},"s":{"0":1,"1":30,"2":30},"f":{"0":30},"b":{"0":[30],"1":[30],"2":[30],"3":[0,30]},"meta":{"lastBranch":4,"lastFunction":1,"lastStatement":3,"seen":{"s:6:23:41:Infinity":0,"f:43:9:43:16":0,"b:45:12:45:Infinity":0,"b:46:9:46:Infinity":1,"b:47:12:47:Infinity":2,"s:53:15:53:Infinity":1,"b:53:25:53:37:53:37:53:Infinity":3,"s:55:2:62:Infinity":2},"fnNames":{}}}
,"C:\\Users\\Rahul\\Documents\\stylework-lead-tracker\\frontend\\src\\components\\ui\\select.tsx": {"path":"C:\\Users\\Rahul\\Documents\\stylework-lead-tracker\\frontend\\src\\components\\ui\\select.tsx","statementMap":{"0":{"start":{"line":9,"column":2},"end":{"line":9,"column":null}},"1":{"start":{"line":16,"column":2},"end":{"line":21,"column":null}},"2":{"start":{"line":28,"column":2},"end":{"line":28,"column":null}},"3":{"start":{"line":39,"column":2},"end":{"line":53,"column":null}},"4":{"start":{"line":64,"column":2},"end":{"line":86,"column":null}},"5":{"start":{"line":94,"column":2},"end":{"line":99,"column":null}},"6":{"start":{"line":108,"column":2},"end":{"line":123,"column":null}},"7":{"start":{"line":131,"column":2},"end":{"line":136,"column":null}},"8":{"start":{"line":144,"column":2},"end":{"line":155,"column":null}},"9":{"start":{"line":163,"column":2},"end":{"line":174,"column":null}}},"fnMap":{"0":{"name":"Select","decl":{"start":{"line":6,"column":9},"end":{"line":6,"column":16}},"loc":{"start":{"line":8,"column":54},"end":{"line":10,"column":null}},"line":8},"1":{"name":"SelectGroup","decl":{"start":{"line":12,"column":9},"end":{"line":12,"column":21}},"loc":{"start":{"line":15,"column":55},"end":{"line":23,"column":null}},"line":15},"2":{"name":"SelectValue","decl":{"start":{"line":25,"column":9},"end":{"line":25,"column":21}},"loc":{"start":{"line":27,"column":55},"end":{"line":29,"column":null}},"line":27},"3":{"name":"SelectTrigger","decl":{"start":{"line":31,"column":9},"end":{"line":31,"column":23}},"loc":{"start":{"line":38,"column":3},"end":{"line":55,"column":null}},"line":38},"4":{"name":"SelectContent","decl":{"start":{"line":57,"column":9},"end":{"line":57,"column":23}},"loc":{"start":{"line":63,"column":57},"end":{"line":88,"column":null}},"line":63},"5":{"name":"SelectLabel","decl":{"start":{"line":90,"column":9},"end":{"line":90,"column":21}},"loc":{"start":{"line":93,"column":55},"end":{"line":101,"column":null}},"line":93},"6":{"name":"SelectItem","decl":{"start":{"line":103,"column":9},"end":{"line":103,"column":20}},"loc":{"start":{"line":107,"column":54},"end":{"line":125,"column":null}},"line":107},"7":{"name":"SelectSeparator","decl":{"start":{"line":127,"column":9},"end":{"line":127,"column":25}},"loc":{"start":{"line":130,"column":59},"end":{"line":138,"column":null}},"line":130},"8":{"name":"SelectScrollUpButton","decl":{"start":{"line":140,"column":9},"end":{"line":140,"column":30}},"loc":{"start":{"line":143,"column":64},"end":{"line":157,"column":null}},"line":143},"9":{"name":"SelectScrollDownButton","decl":{"start":{"line":159,"column":9},"end":{"line":159,"column":32}},"loc":{"start":{"line":162,"column":66},"end":{"line":176,"column":null}},"line":162}},"branchMap":{"0":{"loc":{"start":{"line":33,"column":2},"end":{"line":33,"column":null}},"type":"default-arg","locations":[{"start":{"line":33,"column":9},"end":{"line":33,"column":null}}],"line":33},"1":{"loc":{"start":{"line":60,"column":2},"end":{"line":60,"column":null}},"type":"default-arg","locations":[{"start":{"line":60,"column":13},"end":{"line":60,"column":null}}],"line":60},"2":{"loc":{"start":{"line":61,"column":2},"end":{"line":61,"column":null}},"type":"default-arg","locations":[{"start":{"line":61,"column":10},"end":{"line":61,"column":null}}],"line":61},"3":{"loc":{"start":{"line":69,"column":602},"end":{"line":69,"column":755}},"type":"binary-expr","locations":[{"start":{"line":69,"column":602},"end":{"line":69,"column":624}},{"start":{"line":69,"column":624},"end":{"line":69,"column":755}}],"line":69},"4":{"loc":{"start":{"line":79,"column":12},"end":{"line":79,"column":null}},"type":"binary-expr","locations":[{"start":{"line":79,"column":12},"end":{"line":79,"column":37}},{"start":{"line":79,"column":37},"end":{"line":79,"column":null}}],"line":79}},"s":{"0":28,"1":0,"2":23,"3":28,"4":28,"5":0,"6":186,"7":0,"8":33,"9":33},"f":{"0":28,"1":0,"2":23,"3":28,"4":28,"5":0,"6":186,"7":0,"8":33,"9":33},"b":{"0":[28],"1":[28],"2":[28],"3":[28,28],"4":[28,28]},"meta":{"lastBranch":5,"lastFunction":10,"lastStatement":10,"seen":{"f:6:9:6:16":0,"s:9:2:9:Infinity":0,"f:12:9:12:21":1,"s:16:2:21:Infinity":1,"f:25:9:25:21":2,"s:28:2:28:Infinity":2,"f:31:9:31:23":3,"b:33:9:33:Infinity":0,"s:39:2:53:Infinity":3,"f:57:9:57:23":4,"b:60:13:60:Infinity":1,"b:61:10:61:Infinity":2,"s:64:2:86:Infinity":4,"b:69:602:69:624:69:624:69:755":3,"b:79:12:79:37:79:37:79:Infinity":4,"f:90:9:90:21":5,"s:94:2:99:Infinity":5,"f:103:9:103:20":6,"s:108:2:123:Infinity":6,"f:127:9:127:25":7,"s:131:2:136:Infinity":7,"f:140:9:140:30":8,"s:144:2:155:Infinity":8,"f:159:9:159:32":9,"s:163:2:174:Infinity":9},"fnNames":{}}}
,"C:\\Users\\Rahul\\Documents\\stylework-lead-tracker\\frontend\\src\\features\\leads\\components\\LeadStatusBadge.tsx": {"path":"C:\\Users\\Rahul\\Documents\\stylework-lead-tracker\\frontend\\src\\features\\leads\\components\\LeadStatusBadge.tsx","statementMap":{"0":{"start":{"line":14,"column":4},"end":{"line":49,"column":null}},"1":{"start":{"line":52,"column":17},"end":{"line":52,"column":null}},"2":{"start":{"line":54,"column":2},"end":{"line":83,"column":null}}},"fnMap":{"0":{"name":"LeadStatusBadge","decl":{"start":{"line":51,"column":16},"end":{"line":51,"column":32}},"loc":{"start":{"line":51,"column":66},"end":{"line":85,"column":null}},"line":51}},"branchMap":{},"s":{"0":1,"1":54,"2":54},"f":{"0":54},"b":{},"meta":{"lastBranch":0,"lastFunction":1,"lastStatement":3,"seen":{"s:14:4:49:Infinity":0,"f:51:16:51:32":0,"s:52:17:52:Infinity":1,"s:54:2:83:Infinity":2},"fnNames":{}}}
,"C:\\Users\\Rahul\\Documents\\stylework-lead-tracker\\frontend\\src\\features\\leads\\components\\LeadStatusSelect.tsx": {"path":"C:\\Users\\Rahul\\Documents\\stylework-lead-tracker\\frontend\\src\\features\\leads\\components\\LeadStatusSelect.tsx","statementMap":{"0":{"start":{"line":25,"column":6},"end":{"line":46,"column":null}},"1":{"start":{"line":54,"column":23},"end":{"line":54,"column":null}},"2":{"start":{"line":56,"column":4},"end":{"line":58,"column":null}},"3":{"start":{"line":57,"column":6},"end":{"line":57,"column":null}},"4":{"start":{"line":60,"column":4},"end":{"line":60,"column":null}},"5":{"start":{"line":63,"column":2},"end":{"line":185,"column":null}},"6":{"start":{"line":145,"column":10},"end":{"line":182,"column":null}}},"fnMap":{"0":{"name":"LeadStatusSelect","decl":{"start":{"line":48,"column":16},"end":{"line":48,"column":33}},"loc":{"start":{"line":52,"column":26},"end":{"line":187,"column":null}},"line":52},"1":{"name":"handleChange","decl":{"start":{"line":53,"column":11},"end":{"line":53,"column":24}},"loc":{"start":{"line":53,"column":43},"end":{"line":61,"column":null}},"line":53},"2":{"name":"(anonymous_2)","decl":{"start":{"line":144,"column":24},"end":{"line":144,"column":29}},"loc":{"start":{"line":145,"column":10},"end":{"line":182,"column":null}},"line":145}},"branchMap":{"0":{"loc":{"start":{"line":50,"column":2},"end":{"line":50,"column":null}},"type":"default-arg","locations":[{"start":{"line":50,"column":13},"end":{"line":50,"column":null}}],"line":50},"1":{"loc":{"start":{"line":56,"column":4},"end":{"line":58,"column":null}},"type":"if","locations":[{"start":{"line":56,"column":4},"end":{"line":58,"column":null}},{"start":{},"end":{}}],"line":56},"2":{"loc":{"start":{"line":94,"column":9},"end":{"line":121,"column":null}},"type":"cond-expr","locations":[{"start":{"line":95,"column":10},"end":{"line":121,"column":11}},{"start":{"line":121,"column":10},"end":{"line":121,"column":null}}],"line":94},"3":{"loc":{"start":{"line":170,"column":15},"end":{"line":181,"column":null}},"type":"binary-expr","locations":[{"start":{"line":170,"column":15},"end":{"line":170,"column":null}},{"start":{"line":171,"column":16},"end":{"line":181,"column":null}}],"line":170}},"s":{"0":1,"1":1,"2":1,"3":0,"4":1,"5":5,"6":25},"f":{"0":5,"1":1,"2":25},"b":{"0":[5],"1":[0,1],"2":[1,4],"3":[25,5]},"meta":{"lastBranch":4,"lastFunction":3,"lastStatement":7,"seen":{"s:25:6:46:Infinity":0,"f:48:16:48:33":0,"b:50:13:50:Infinity":0,"f:53:11:53:24":1,"s:54:23:54:Infinity":1,"b:56:4:58:Infinity:undefined:undefined:undefined:undefined":1,"s:56:4:58:Infinity":2,"s:57:6:57:Infinity":3,"s:60:4:60:Infinity":4,"s:63:2:185:Infinity":5,"b:95:10:121:11:121:10:121:Infinity":2,"f:144:24:144:29":2,"s:145:10:182:Infinity":6,"b:170:15:170:Infinity:171:16:181:Infinity":3},"fnNames":{}}}
,"C:\\Users\\Rahul\\Documents\\stylework-lead-tracker\\frontend\\src\\features\\leads\\components\\LeadsSearch.tsx": {"path":"C:\\Users\\Rahul\\Documents\\stylework-lead-tracker\\frontend\\src\\features\\leads\\components\\LeadsSearch.tsx","statementMap":{"0":{"start":{"line":18,"column":2},"end":{"line":122,"column":null}},"1":{"start":{"line":42,"column":12},"end":{"line":42,"column":null}},"2":{"start":{"line":103,"column":29},"end":{"line":103,"column":null}}},"fnMap":{"0":{"name":"LeadsSearch","decl":{"start":{"line":12,"column":16},"end":{"line":12,"column":28}},"loc":{"start":{"line":17,"column":21},"end":{"line":124,"column":null}},"line":17},"1":{"name":"(anonymous_1)","decl":{"start":{"line":41,"column":10},"end":{"line":41,"column":21}},"loc":{"start":{"line":41,"column":31},"end":{"line":43,"column":null}},"line":41},"2":{"name":"(anonymous_2)","decl":{"start":{"line":103,"column":14},"end":{"line":103,"column":29}},"loc":{"start":{"line":103,"column":29},"end":{"line":103,"column":null}},"line":103}},"branchMap":{"0":{"loc":{"start":{"line":15,"column":2},"end":{"line":15,"column":null}},"type":"default-arg","locations":[{"start":{"line":15,"column":16},"end":{"line":15,"column":null}}],"line":15},"1":{"loc":{"start":{"line":63,"column":14},"end":{"line":70,"column":null}},"type":"cond-expr","locations":[{"start":{"line":64,"column":18},"end":{"line":70,"column":null}},{"start":{"line":70,"column":18},"end":{"line":70,"column":null}}],"line":63},"2":{"loc":{"start":{"line":91,"column":11},"end":{"line":117,"column":null}},"type":"cond-expr","locations":[{"start":{"line":92,"column":12},"end":{"line":99,"column":null}},{"start":{"line":99,"column":14},"end":{"line":117,"column":null}}],"line":91},"3":{"loc":{"start":{"line":99,"column":14},"end":{"line":117,"column":null}},"type":"cond-expr","locations":[{"start":{"line":100,"column":12},"end":{"line":117,"column":null}},{"start":{"line":117,"column":14},"end":{"line":117,"column":null}}],"line":99},"4":{"loc":{"start":{"line":121,"column":7},"end":{"line":122,"column":null}},"type":"binary-expr","locations":[{"start":{"line":121,"column":7},"end":{"line":121,"column":16}},{"start":{"line":121,"column":16},"end":{"line":122,"column":null}}],"line":121}},"s":{"0":7,"1":1,"2":1},"f":{"0":7,"1":1,"2":1},"b":{"0":[7],"1":[1,6],"2":[1,6],"3":[4,2],"4":[7,1]},"meta":{"lastBranch":5,"lastFunction":3,"lastStatement":3,"seen":{"f:12:16:12:28":0,"b:15:16:15:Infinity":0,"s:18:2:122:Infinity":0,"f:41:10:41:21":1,"s:42:12:42:Infinity":1,"b:64:18:70:Infinity:70:18:70:Infinity":1,"b:92:12:99:Infinity:99:14:117:Infinity":2,"b:100:12:117:Infinity:117:14:117:Infinity":3,"f:103:14:103:29":2,"s:103:29:103:Infinity":2,"b:121:7:121:16:121:16:122:Infinity":4},"fnNames":{}}}
,"C:\\Users\\Rahul\\Documents\\stylework-lead-tracker\\frontend\\src\\features\\leads\\components\\LeadsTable.tsx": {"path":"C:\\Users\\Rahul\\Documents\\stylework-lead-tracker\\frontend\\src\\features\\leads\\components\\LeadsTable.tsx","statementMap":{"0":{"start":{"line":37,"column":2},"end":{"line":39,"column":null}},"1":{"start":{"line":38,"column":4},"end":{"line":38,"column":null}},"2":{"start":{"line":41,"column":2},"end":{"line":46,"column":null}},"3":{"start":{"line":45,"column":19},"end":{"line":45,"column":47}},"4":{"start":{"line":50,"column":2},"end":{"line":52,"column":null}},"5":{"start":{"line":51,"column":4},"end":{"line":51,"column":null}},"6":{"start":{"line":54,"column":21},"end":{"line":54,"column":null}},"7":{"start":{"line":56,"column":2},"end":{"line":58,"column":null}},"8":{"start":{"line":57,"column":4},"end":{"line":57,"column":null}},"9":{"start":{"line":60,"column":2},"end":{"line":67,"column":null}},"10":{"start":{"line":71,"column":2},"end":{"line":121,"column":null}},"11":{"start":{"line":137,"column":18},"end":{"line":362,"column":null}},"12":{"start":{"line":138,"column":10},"end":{"line":360,"column":null}},"13":{"start":{"line":149,"column":23},"end":{"line":149,"column":null}},"14":{"start":{"line":151,"column":10},"end":{"line":207,"column":null}},"15":{"start":{"line":222,"column":24},"end":{"line":222,"column":null}},"16":{"start":{"line":224,"column":10},"end":{"line":248,"column":null}},"17":{"start":{"line":263,"column":24},"end":{"line":263,"column":null}},"18":{"start":{"line":265,"column":10},"end":{"line":289,"column":null}},"19":{"start":{"line":303,"column":10},"end":{"line":320,"column":null}},"20":{"start":{"line":310,"column":14},"end":{"line":310,"column":null}},"21":{"start":{"line":317,"column":16},"end":{"line":317,"column":null}},"22":{"start":{"line":333,"column":10},"end":{"line":357,"column":null}},"23":{"start":{"line":364,"column":22},"end":{"line":364,"column":null}},"24":{"start":{"line":366,"column":2},"end":{"line":640,"column":null}},"25":{"start":{"line":390,"column":10},"end":{"line":390,"column":null}}},"fnMap":{"0":{"name":"getInitials","decl":{"start":{"line":36,"column":9},"end":{"line":36,"column":21}},"loc":{"start":{"line":36,"column":36},"end":{"line":47,"column":null}},"line":36},"1":{"name":"(anonymous_1)","decl":{"start":{"line":45,"column":5},"end":{"line":45,"column":10}},"loc":{"start":{"line":45,"column":19},"end":{"line":45,"column":47}},"line":45},"2":{"name":"formatDateTime","decl":{"start":{"line":49,"column":9},"end":{"line":49,"column":24}},"loc":{"start":{"line":49,"column":39},"end":{"line":68,"column":null}},"line":49},"3":{"name":"NoRowsOverlay","decl":{"start":{"line":70,"column":9},"end":{"line":70,"column":25}},"loc":{"start":{"line":70,"column":25},"end":{"line":123,"column":null}},"line":70},"4":{"name":"LeadsTable","decl":{"start":{"line":125,"column":16},"end":{"line":125,"column":27}},"loc":{"start":{"line":136,"column":20},"end":{"line":642,"column":null}},"line":136},"5":{"name":"(anonymous_5)","decl":{"start":{"line":137,"column":18},"end":{"line":137,"column":null}},"loc":{"start":{"line":138,"column":10},"end":{"line":360,"column":null}},"line":138},"6":{"name":"(anonymous_6)","decl":{"start":{"line":148,"column":8},"end":{"line":148,"column":21}},"loc":{"start":{"line":148,"column":33},"end":{"line":209,"column":null}},"line":148},"7":{"name":"(anonymous_7)","decl":{"start":{"line":221,"column":8},"end":{"line":221,"column":21}},"loc":{"start":{"line":221,"column":35},"end":{"line":250,"column":null}},"line":221},"8":{"name":"(anonymous_8)","decl":{"start":{"line":262,"column":8},"end":{"line":262,"column":21}},"loc":{"start":{"line":262,"column":35},"end":{"line":291,"column":null}},"line":262},"9":{"name":"(anonymous_9)","decl":{"start":{"line":302,"column":8},"end":{"line":302,"column":21}},"loc":{"start":{"line":303,"column":10},"end":{"line":320,"column":null}},"line":303},"10":{"name":"(anonymous_10)","decl":{"start":{"line":309,"column":12},"end":{"line":309,"column":22}},"loc":{"start":{"line":309,"column":32},"end":{"line":311,"column":null}},"line":309},"11":{"name":"(anonymous_11)","decl":{"start":{"line":316,"column":14},"end":{"line":316,"column":25}},"loc":{"start":{"line":316,"column":36},"end":{"line":318,"column":null}},"line":316},"12":{"name":"(anonymous_12)","decl":{"start":{"line":332,"column":8},"end":{"line":332,"column":21}},"loc":{"start":{"line":333,"column":10},"end":{"line":357,"column":null}},"line":333},"13":{"name":"(anonymous_13)","decl":{"start":{"line":389,"column":8},"end":{"line":389,"column":34}},"loc":{"start":{"line":389,"column":65},"end":{"line":391,"column":null}},"line":389}},"branchMap":{"0":{"loc":{"start":{"line":37,"column":2},"end":{"line":39,"column":null}},"type":"if","locations":[{"start":{"line":37,"column":2},"end":{"line":39,"column":null}},{"start":{},"end":{}}],"line":37},"1":{"loc":{"start":{"line":50,"column":2},"end":{"line":52,"column":null}},"type":"if","locations":[{"start":{"line":50,"column":2},"end":{"line":52,"column":null}},{"start":{},"end":{}}],"line":50},"2":{"loc":{"start":{"line":56,"column":2},"end":{"line":58,"column":null}},"type":"if","locations":[{"start":{"line":56,"column":2},"end":{"line":58,"column":null}},{"start":{},"end":{}}],"line":56},"3":{"loc":{"start":{"line":149,"column":23},"end":{"line":149,"column":null}},"type":"binary-expr","locations":[{"start":{"line":149,"column":23},"end":{"line":149,"column":43}},{"start":{"line":149,"column":43},"end":{"line":149,"column":null}}],"line":149},"4":{"loc":{"start":{"line":222,"column":24},"end":{"line":222,"column":null}},"type":"cond-expr","locations":[{"start":{"line":222,"column":68},"end":{"line":222,"column":76}},{"start":{"line":222,"column":76},"end":{"line":222,"column":null}}],"line":222},"5":{"loc":{"start":{"line":222,"column":24},"end":{"line":222,"column":68}},"type":"binary-expr","locations":[{"start":{"line":222,"column":24},"end":{"line":222,"column":53}},{"start":{"line":222,"column":53},"end":{"line":222,"column":68}}],"line":222},"6":{"loc":{"start":{"line":263,"column":24},"end":{"line":263,"column":null}},"type":"cond-expr","locations":[{"start":{"line":263,"column":68},"end":{"line":263,"column":76}},{"start":{"line":263,"column":76},"end":{"line":263,"column":null}}],"line":263},"7":{"loc":{"start":{"line":263,"column":24},"end":{"line":263,"column":68}},"type":"binary-expr","locations":[{"start":{"line":263,"column":24},"end":{"line":263,"column":53}},{"start":{"line":263,"column":53},"end":{"line":263,"column":68}}],"line":263}},"s":{"0":1,"1":0,"2":1,"3":2,"4":2,"5":0,"6":2,"7":2,"8":0,"9":2,"10":0,"11":10,"12":10,"13":1,"14":1,"15":2,"16":2,"17":1,"18":1,"19":2,"20":1,"21":1,"22":1,"23":10,"24":10,"25":1},"f":{"0":1,"1":2,"2":2,"3":0,"4":10,"5":10,"6":1,"7":2,"8":1,"9":2,"10":1,"11":1,"12":1,"13":1},"b":{"0":[0,1],"1":[0,2],"2":[0,2],"3":[1,0],"4":[1,1],"5":[2,2],"6":[1,0],"7":[1,1]},"meta":{"lastBranch":8,"lastFunction":14,"lastStatement":26,"seen":{"f:36:9:36:21":0,"b:37:2:39:Infinity:undefined:undefined:undefined:undefined":0,"s:37:2:39:Infinity":0,"s:38:4:38:Infinity":1,"s:41:2:46:Infinity":2,"f:45:5:45:10":1,"s:45:19:45:47":3,"f:49:9:49:24":2,"b:50:2:52:Infinity:undefined:undefined:undefined:undefined":1,"s:50:2:52:Infinity":4,"s:51:4:51:Infinity":5,"s:54:21:54:Infinity":6,"b:56:2:58:Infinity:undefined:undefined:undefined:undefined":2,"s:56:2:58:Infinity":7,"s:57:4:57:Infinity":8,"s:60:2:67:Infinity":9,"f:70:9:70:25":3,"s:71:2:121:Infinity":10,"f:125:16:125:27":4,"s:137:18:362:Infinity":11,"f:137:18:137:Infinity":5,"s:138:10:360:Infinity":12,"f:148:8:148:21":6,"s:149:23:149:Infinity":13,"b:149:23:149:43:149:43:149:Infinity":3,"s:151:10:207:Infinity":14,"f:221:8:221:21":7,"s:222:24:222:Infinity":15,"b:222:68:222:76:222:76:222:Infinity":4,"b:222:24:222:53:222:53:222:68":5,"s:224:10:248:Infinity":16,"f:262:8:262:21":8,"s:263:24:263:Infinity":17,"b:263:68:263:76:263:76:263:Infinity":6,"b:263:24:263:53:263:53:263:68":7,"s:265:10:289:Infinity":18,"f:302:8:302:21":9,"s:303:10:320:Infinity":19,"f:309:12:309:22":10,"s:310:14:310:Infinity":20,"f:316:14:316:25":11,"s:317:16:317:Infinity":21,"f:332:8:332:21":12,"s:333:10:357:Infinity":22,"s:364:22:364:Infinity":23,"s:366:2:640:Infinity":24,"f:389:8:389:34":13,"s:390:10:390:Infinity":25},"fnNames":{}}}
,"C:\\Users\\Rahul\\Documents\\stylework-lead-tracker\\frontend\\src\\features\\leads\\hooks\\useDebouncedValue.ts": {"path":"C:\\Users\\Rahul\\Documents\\stylework-lead-tracker\\frontend\\src\\features\\leads\\hooks\\useDebouncedValue.ts","statementMap":{"0":{"start":{"line":4,"column":46},"end":{"line":4,"column":null}},"1":{"start":{"line":6,"column":2},"end":{"line":14,"column":null}},"2":{"start":{"line":7,"column":20},"end":{"line":9,"column":null}},"3":{"start":{"line":8,"column":6},"end":{"line":8,"column":null}},"4":{"start":{"line":11,"column":4},"end":{"line":13,"column":null}},"5":{"start":{"line":12,"column":6},"end":{"line":12,"column":null}},"6":{"start":{"line":16,"column":2},"end":{"line":16,"column":null}}},"fnMap":{"0":{"name":"useDebouncedValue","decl":{"start":{"line":3,"column":16},"end":{"line":3,"column":37}},"loc":{"start":{"line":3,"column":63},"end":{"line":17,"column":null}},"line":3},"1":{"name":"(anonymous_1)","decl":{"start":{"line":6,"column":2},"end":{"line":6,"column":18}},"loc":{"start":{"line":6,"column":18},"end":{"line":14,"column":5}},"line":6},"2":{"name":"(anonymous_2)","decl":{"start":{"line":7,"column":27},"end":{"line":7,"column":44}},"loc":{"start":{"line":7,"column":44},"end":{"line":9,"column":7}},"line":7},"3":{"name":"(anonymous_3)","decl":{"start":{"line":11,"column":4},"end":{"line":11,"column":17}},"loc":{"start":{"line":11,"column":17},"end":{"line":13,"column":null}},"line":11}},"branchMap":{"0":{"loc":{"start":{"line":3,"column":47},"end":{"line":3,"column":63}},"type":"default-arg","locations":[{"start":{"line":3,"column":55},"end":{"line":3,"column":63}}],"line":3}},"s":{"0":10,"1":10,"2":8,"3":2,"4":8,"5":8,"6":10},"f":{"0":10,"1":8,"2":2,"3":8},"b":{"0":[10]},"meta":{"lastBranch":1,"lastFunction":4,"lastStatement":7,"seen":{"f:3:16:3:37":0,"b:3:55:3:63":0,"s:4:46:4:Infinity":0,"s:6:2:14:Infinity":1,"f:6:2:6:18":1,"s:7:20:9:Infinity":2,"f:7:27:7:44":2,"s:8:6:8:Infinity":3,"s:11:4:13:Infinity":4,"f:11:4:11:17":3,"s:12:6:12:Infinity":5,"s:16:2:16:Infinity":6},"fnNames":{}}}
,"C:\\Users\\Rahul\\Documents\\stylework-lead-tracker\\frontend\\src\\features\\leads\\hooks\\useLeadStatus.ts": {"path":"C:\\Users\\Rahul\\Documents\\stylework-lead-tracker\\frontend\\src\\features\\leads\\hooks\\useLeadStatus.ts","statementMap":{"0":{"start":{"line":24,"column":22},"end":{"line":24,"column":37}},"1":{"start":{"line":26,"column":2},"end":{"line":43,"column":null}},"2":{"start":{"line":28,"column":6},"end":{"line":30,"column":null}},"3":{"start":{"line":33,"column":6},"end":{"line":35,"column":null}},"4":{"start":{"line":37,"column":6},"end":{"line":37,"column":null}},"5":{"start":{"line":41,"column":6},"end":{"line":41,"column":null}},"6":{"start":{"line":47,"column":22},"end":{"line":47,"column":37}},"7":{"start":{"line":49,"column":2},"end":{"line":73,"column":null}},"8":{"start":{"line":51,"column":6},"end":{"line":54,"column":null}},"9":{"start":{"line":57,"column":6},"end":{"line":59,"column":null}},"10":{"start":{"line":61,"column":6},"end":{"line":65,"column":null}},"11":{"start":{"line":69,"column":6},"end":{"line":71,"column":null}}},"fnMap":{"0":{"name":"useUpdateLeadStatus","decl":{"start":{"line":23,"column":16},"end":{"line":23,"column":38}},"loc":{"start":{"line":23,"column":38},"end":{"line":44,"column":null}},"line":23},"1":{"name":"(anonymous_1)","decl":{"start":{"line":27,"column":4},"end":{"line":27,"column":17}},"loc":{"start":{"line":28,"column":6},"end":{"line":30,"column":null}},"line":28},"2":{"name":"(anonymous_2)","decl":{"start":{"line":32,"column":15},"end":{"line":32,"column":27}},"loc":{"start":{"line":32,"column":27},"end":{"line":38,"column":null}},"line":32},"3":{"name":"(anonymous_3)","decl":{"start":{"line":40,"column":4},"end":{"line":40,"column":14}},"loc":{"start":{"line":40,"column":24},"end":{"line":42,"column":null}},"line":40},"4":{"name":"useBulkUpdateLeadStatus","decl":{"start":{"line":46,"column":16},"end":{"line":46,"column":42}},"loc":{"start":{"line":46,"column":42},"end":{"line":74,"column":null}},"line":46},"5":{"name":"(anonymous_5)","decl":{"start":{"line":50,"column":4},"end":{"line":50,"column":17}},"loc":{"start":{"line":51,"column":6},"end":{"line":54,"column":null}},"line":51},"6":{"name":"(anonymous_6)","decl":{"start":{"line":56,"column":15},"end":{"line":56,"column":22}},"loc":{"start":{"line":56,"column":43},"end":{"line":66,"column":null}},"line":56},"7":{"name":"(anonymous_7)","decl":{"start":{"line":68,"column":4},"end":{"line":68,"column":14}},"loc":{"start":{"line":68,"column":24},"end":{"line":72,"column":null}},"line":68}},"branchMap":{"0":{"loc":{"start":{"line":63,"column":10},"end":{"line":63,"column":null}},"type":"cond-expr","locations":[{"start":{"line":63,"column":43},"end":{"line":63,"column":52}},{"start":{"line":63,"column":52},"end":{"line":63,"column":null}}],"line":63}},"s":{"0":4,"1":4,"2":2,"3":1,"4":1,"5":1,"6":4,"7":4,"8":2,"9":1,"10":1,"11":1},"f":{"0":4,"1":2,"2":1,"3":1,"4":4,"5":2,"6":1,"7":1},"b":{"0":[0,1]},"meta":{"lastBranch":1,"lastFunction":8,"lastStatement":12,"seen":{"f:23:16:23:38":0,"s:24:22:24:37":0,"s:26:2:43:Infinity":1,"f:27:4:27:17":1,"s:28:6:30:Infinity":2,"f:32:15:32:27":2,"s:33:6:35:Infinity":3,"s:37:6:37:Infinity":4,"f:40:4:40:14":3,"s:41:6:41:Infinity":5,"f:46:16:46:42":4,"s:47:22:47:37":6,"s:49:2:73:Infinity":7,"f:50:4:50:17":5,"s:51:6:54:Infinity":8,"f:56:15:56:22":6,"s:57:6:59:Infinity":9,"s:61:6:65:Infinity":10,"b:63:43:63:52:63:52:63:Infinity":0,"f:68:4:68:14":7,"s:69:6:71:Infinity":11},"fnNames":{}}}
,"C:\\Users\\Rahul\\Documents\\stylework-lead-tracker\\frontend\\src\\features\\leads\\hooks\\useLeads.ts": {"path":"C:\\Users\\Rahul\\Documents\\stylework-lead-tracker\\frontend\\src\\features\\leads\\hooks\\useLeads.ts","statementMap":{"0":{"start":{"line":7,"column":24},"end":{"line":11,"column":null}},"1":{"start":{"line":10,"column":36},"end":{"line":10,"column":null}},"2":{"start":{"line":14,"column":2},"end":{"line":22,"column":null}},"3":{"start":{"line":17,"column":19},"end":{"line":17,"column":null}}},"fnMap":{"0":{"name":"(anonymous_0)","decl":{"start":{"line":10,"column":2},"end":{"line":10,"column":9}},"loc":{"start":{"line":10,"column":36},"end":{"line":10,"column":null}},"line":10},"1":{"name":"useLeads","decl":{"start":{"line":13,"column":16},"end":{"line":13,"column":25}},"loc":{"start":{"line":13,"column":49},"end":{"line":23,"column":null}},"line":13},"2":{"name":"(anonymous_2)","decl":{"start":{"line":17,"column":4},"end":{"line":17,"column":19}},"loc":{"start":{"line":17,"column":19},"end":{"line":17,"column":null}},"line":17}},"branchMap":{},"s":{"0":1,"1":0,"2":0,"3":0},"f":{"0":0,"1":0,"2":0},"b":{},"meta":{"lastBranch":0,"lastFunction":3,"lastStatement":4,"seen":{"s:7:24:11:Infinity":0,"f:10:2:10:9":0,"s:10:36:10:Infinity":1,"f:13:16:13:25":1,"s:14:2:22:Infinity":2,"f:17:4:17:19":2,"s:17:19:17:Infinity":3},"fnNames":{}}}
,"C:\\Users\\Rahul\\Documents\\stylework-lead-tracker\\frontend\\src\\features\\leads\\validation\\leadSearch.ts": {"path":"C:\\Users\\Rahul\\Documents\\stylework-lead-tracker\\frontend\\src\\features\\leads\\validation\\leadSearch.ts","statementMap":{"0":{"start":{"line":2,"column":2},"end":{"line":2,"column":null}},"1":{"start":{"line":6,"column":17},"end":{"line":6,"column":null}},"2":{"start":{"line":8,"column":2},"end":{"line":10,"column":null}},"3":{"start":{"line":9,"column":4},"end":{"line":9,"column":null}},"4":{"start":{"line":12,"column":2},"end":{"line":14,"column":null}},"5":{"start":{"line":13,"column":4},"end":{"line":13,"column":null}},"6":{"start":{"line":16,"column":2},"end":{"line":18,"column":null}},"7":{"start":{"line":17,"column":4},"end":{"line":17,"column":null}},"8":{"start":{"line":20,"column":2},"end":{"line":22,"column":null}},"9":{"start":{"line":21,"column":4},"end":{"line":21,"column":null}},"10":{"start":{"line":24,"column":2},"end":{"line":24,"column":null}}},"fnMap":{"0":{"name":"normalizeLeadSearch","decl":{"start":{"line":1,"column":16},"end":{"line":1,"column":36}},"loc":{"start":{"line":1,"column":51},"end":{"line":3,"column":null}},"line":1},"1":{"name":"validateLeadSearch","decl":{"start":{"line":5,"column":16},"end":{"line":5,"column":35}},"loc":{"start":{"line":5,"column":65},"end":{"line":25,"column":null}},"line":5}},"branchMap":{"0":{"loc":{"start":{"line":8,"column":2},"end":{"line":10,"column":null}},"type":"if","locations":[{"start":{"line":8,"column":2},"end":{"line":10,"column":null}},{"start":{},"end":{}}],"line":8},"1":{"loc":{"start":{"line":12,"column":2},"end":{"line":14,"column":null}},"type":"if","locations":[{"start":{"line":12,"column":2},"end":{"line":14,"column":null}},{"start":{},"end":{}}],"line":12},"2":{"loc":{"start":{"line":16,"column":2},"end":{"line":18,"column":null}},"type":"if","locations":[{"start":{"line":16,"column":2},"end":{"line":18,"column":null}},{"start":{},"end":{}}],"line":16},"3":{"loc":{"start":{"line":20,"column":2},"end":{"line":22,"column":null}},"type":"if","locations":[{"start":{"line":20,"column":2},"end":{"line":22,"column":null}},{"start":{},"end":{}}],"line":20}},"s":{"0":50,"1":35,"2":35,"3":16,"4":19,"5":2,"6":17,"7":1,"8":16,"9":1,"10":15},"f":{"0":50,"1":35},"b":{"0":[16,19],"1":[2,17],"2":[1,16],"3":[1,15]},"meta":{"lastBranch":4,"lastFunction":2,"lastStatement":11,"seen":{"f:1:16:1:36":0,"s:2:2:2:Infinity":0,"f:5:16:5:35":1,"s:6:17:6:Infinity":1,"b:8:2:10:Infinity:undefined:undefined:undefined:undefined":0,"s:8:2:10:Infinity":2,"s:9:4:9:Infinity":3,"b:12:2:14:Infinity:undefined:undefined:undefined:undefined":1,"s:12:2:14:Infinity":4,"s:13:4:13:Infinity":5,"b:16:2:18:Infinity:undefined:undefined:undefined:undefined":2,"s:16:2:18:Infinity":6,"s:17:4:17:Infinity":7,"b:20:2:22:Infinity:undefined:undefined:undefined:undefined":3,"s:20:2:22:Infinity":8,"s:21:4:21:Infinity":9,"s:24:2:24:Infinity":10},"fnNames":{}}}
,"C:\\Users\\Rahul\\Documents\\stylework-lead-tracker\\frontend\\src\\pages\\LeadsPage.tsx": {"path":"C:\\Users\\Rahul\\Documents\\stylework-lead-tracker\\frontend\\src\\pages\\LeadsPage.tsx","statementMap":{"0":{"start":{"line":41,"column":21},"end":{"line":41,"column":null}},"1":{"start":{"line":44,"column":23},"end":{"line":44,"column":40}},"2":{"start":{"line":46,"column":40},"end":{"line":46,"column":null}},"3":{"start":{"line":48,"column":26},"end":{"line":48,"column":null}},"4":{"start":{"line":50,"column":30},"end":{"line":50,"column":null}},"5":{"start":{"line":52,"column":30},"end":{"line":52,"column":63}},"6":{"start":{"line":54,"column":26},"end":{"line":54,"column":null}},"7":{"start":{"line":56,"column":28},"end":{"line":56,"column":null}},"8":{"start":{"line":58,"column":46},"end":{"line":61,"column":null}},"9":{"start":{"line":63,"column":31},"end":{"line":63,"column":51}},"10":{"start":{"line":65,"column":29},"end":{"line":65,"column":53}},"11":{"start":{"line":67,"column":25},"end":{"line":69,"column":null}},"12":{"start":{"line":79,"column":22},"end":{"line":79,"column":null}},"13":{"start":{"line":90,"column":2},"end":{"line":106,"column":null}},"14":{"start":{"line":91,"column":4},"end":{"line":93,"column":null}},"15":{"start":{"line":92,"column":6},"end":{"line":92,"column":null}},"16":{"start":{"line":95,"column":23},"end":{"line":95,"column":null}},"17":{"start":{"line":97,"column":4},"end":{"line":105,"column":null}},"18":{"start":{"line":98,"column":6},"end":{"line":100,"column":null}},"19":{"start":{"line":99,"column":8},"end":{"line":99,"column":null}},"20":{"start":{"line":102,"column":6},"end":{"line":102,"column":null}},"21":{"start":{"line":104,"column":6},"end":{"line":104,"column":null}},"22":{"start":{"line":108,"column":16},"end":{"line":119,"column":null}},"23":{"start":{"line":109,"column":11},"end":{"line":117,"column":null}},"24":{"start":{"line":121,"column":60},"end":{"line":121,"column":null}},"25":{"start":{"line":123,"column":16},"end":{"line":123,"column":null}},"26":{"start":{"line":125,"column":16},"end":{"line":125,"column":null}},"27":{"start":{"line":128,"column":4},"end":{"line":130,"column":null}},"28":{"start":{"line":132,"column":24},"end":{"line":132,"column":null}},"29":{"start":{"line":134,"column":21},"end":{"line":134,"column":null}},"30":{"start":{"line":143,"column":22},"end":{"line":143,"column":null}},"31":{"start":{"line":146,"column":4},"end":{"line":146,"column":null}},"32":{"start":{"line":148,"column":4},"end":{"line":148,"column":null}},"33":{"start":{"line":150,"column":4},"end":{"line":150,"column":null}},"34":{"start":{"line":152,"column":4},"end":{"line":152,"column":null}},"35":{"start":{"line":160,"column":4},"end":{"line":160,"column":null}},"36":{"start":{"line":164,"column":4},"end":{"line":164,"column":null}},"37":{"start":{"line":166,"column":4},"end":{"line":166,"column":null}},"38":{"start":{"line":170,"column":4},"end":{"line":173,"column":null}},"39":{"start":{"line":177,"column":4},"end":{"line":179,"column":null}},"40":{"start":{"line":178,"column":6},"end":{"line":178,"column":null}},"41":{"start":{"line":181,"column":22},"end":{"line":181,"column":null}},"42":{"start":{"line":183,"column":4},"end":{"line":198,"column":null}},"43":{"start":{"line":192,"column":10},"end":{"line":195,"column":null}},"44":{"start":{"line":202,"column":4},"end":{"line":205,"column":null}},"45":{"start":{"line":208,"column":2},"end":{"line":849,"column":null}},"46":{"start":{"line":776,"column":33},"end":{"line":776,"column":null}},"47":{"start":{"line":823,"column":39},"end":{"line":823,"column":56}},"48":{"start":{"line":840,"column":16},"end":{"line":840,"column":null}},"49":{"start":{"line":841,"column":16},"end":{"line":841,"column":null}},"50":{"start":{"line":862,"column":2},"end":{"line":935,"column":null}},"51":{"start":{"line":940,"column":2},"end":{"line":1003,"column":null}}},"fnMap":{"0":{"name":"LeadsPage","decl":{"start":{"line":43,"column":24},"end":{"line":43,"column":36}},"loc":{"start":{"line":43,"column":36},"end":{"line":851,"column":null}},"line":43},"1":{"name":"(anonymous_1)","decl":{"start":{"line":90,"column":2},"end":{"line":90,"column":18}},"loc":{"start":{"line":90,"column":18},"end":{"line":106,"column":5}},"line":90},"2":{"name":"(anonymous_2)","decl":{"start":{"line":97,"column":4},"end":{"line":97,"column":15}},"loc":{"start":{"line":97,"column":27},"end":{"line":105,"column":5}},"line":97},"3":{"name":"(anonymous_3)","decl":{"start":{"line":108,"column":16},"end":{"line":108,"column":null}},"loc":{"start":{"line":109,"column":11},"end":{"line":117,"column":null}},"line":109},"4":{"name":"clearFilters","decl":{"start":{"line":145,"column":11},"end":{"line":145,"column":26}},"loc":{"start":{"line":145,"column":26},"end":{"line":153,"column":null}},"line":145},"5":{"name":"handleSearchChange","decl":{"start":{"line":155,"column":11},"end":{"line":155,"column":30}},"loc":{"start":{"line":155,"column":45},"end":{"line":161,"column":null}},"line":155},"6":{"name":"handleStatusChange","decl":{"start":{"line":163,"column":11},"end":{"line":163,"column":30}},"loc":{"start":{"line":163,"column":45},"end":{"line":167,"column":null}},"line":163},"7":{"name":"handleLeadStatusChange","decl":{"start":{"line":169,"column":11},"end":{"line":169,"column":34}},"loc":{"start":{"line":169,"column":73},"end":{"line":174,"column":null}},"line":169},"8":{"name":"handleBulkStatusChange","decl":{"start":{"line":176,"column":11},"end":{"line":176,"column":34}},"loc":{"start":{"line":176,"column":49},"end":{"line":199,"column":null}},"line":176},"9":{"name":"(anonymous_9)","decl":{"start":{"line":191,"column":8},"end":{"line":191,"column":25}},"loc":{"start":{"line":191,"column":25},"end":{"line":196,"column":null}},"line":191},"10":{"name":"clearSelection","decl":{"start":{"line":201,"column":11},"end":{"line":201,"column":28}},"loc":{"start":{"line":201,"column":28},"end":{"line":206,"column":null}},"line":201},"11":{"name":"(anonymous_11)","decl":{"start":{"line":776,"column":18},"end":{"line":776,"column":33}},"loc":{"start":{"line":776,"column":33},"end":{"line":776,"column":null}},"line":776},"12":{"name":"(anonymous_12)","decl":{"start":{"line":823,"column":24},"end":{"line":823,"column":39}},"loc":{"start":{"line":823,"column":39},"end":{"line":823,"column":56}},"line":823},"13":{"name":"(anonymous_13)","decl":{"start":{"line":839,"column":14},"end":{"line":839,"column":35}},"loc":{"start":{"line":839,"column":57},"end":{"line":842,"column":null}},"line":839},"14":{"name":"EmptyState","decl":{"start":{"line":853,"column":9},"end":{"line":853,"column":20}},"loc":{"start":{"line":861,"column":3},"end":{"line":937,"column":null}},"line":861},"15":{"name":"ErrorState","decl":{"start":{"line":939,"column":9},"end":{"line":939,"column":20}},"loc":{"start":{"line":939,"column":58},"end":{"line":1005,"column":null}},"line":939}},"branchMap":{"0":{"loc":{"start":{"line":67,"column":25},"end":{"line":69,"column":null}},"type":"cond-expr","locations":[{"start":{"line":68,"column":7},"end":{"line":68,"column":null}},{"start":{"line":69,"column":6},"end":{"line":69,"column":null}}],"line":67},"1":{"loc":{"start":{"line":68,"column":7},"end":{"line":68,"column":null}},"type":"binary-expr","locations":[{"start":{"line":68,"column":7},"end":{"line":68,"column":49}},{"start":{"line":68,"column":49},"end":{"line":68,"column":null}}],"line":68},"2":{"loc":{"start":{"line":91,"column":4},"end":{"line":93,"column":null}},"type":"if","locations":[{"start":{"line":91,"column":4},"end":{"line":93,"column":null}},{"start":{},"end":{}}],"line":91},"3":{"loc":{"start":{"line":98,"column":6},"end":{"line":100,"column":null}},"type":"if","locations":[{"start":{"line":98,"column":6},"end":{"line":100,"column":null}},{"start":{},"end":{}}],"line":98},"4":{"loc":{"start":{"line":110,"column":14},"end":{"line":110,"column":null}},"type":"binary-expr","locations":[{"start":{"line":110,"column":14},"end":{"line":110,"column":24}},{"start":{"line":110,"column":24},"end":{"line":110,"column":null}}],"line":110},"5":{"loc":{"start":{"line":123,"column":16},"end":{"line":123,"column":null}},"type":"binary-expr","locations":[{"start":{"line":123,"column":16},"end":{"line":123,"column":42}},{"start":{"line":123,"column":42},"end":{"line":123,"column":null}}],"line":123},"6":{"loc":{"start":{"line":125,"column":16},"end":{"line":125,"column":null}},"type":"binary-expr","locations":[{"start":{"line":125,"column":16},"end":{"line":125,"column":30}},{"start":{"line":125,"column":30},"end":{"line":125,"column":null}}],"line":125},"7":{"loc":{"start":{"line":128,"column":4},"end":{"line":130,"column":null}},"type":"cond-expr","locations":[{"start":{"line":129,"column":8},"end":{"line":129,"column":null}},{"start":{"line":130,"column":8},"end":{"line":130,"column":null}}],"line":128},"8":{"loc":{"start":{"line":134,"column":21},"end":{"line":134,"column":null}},"type":"binary-expr","locations":[{"start":{"line":134,"column":21},"end":{"line":134,"column":40}},{"start":{"line":134,"column":40},"end":{"line":134,"column":null}}],"line":134},"9":{"loc":{"start":{"line":143,"column":22},"end":{"line":143,"column":null}},"type":"binary-expr","locations":[{"start":{"line":143,"column":22},"end":{"line":143,"column":41}},{"start":{"line":143,"column":41},"end":{"line":143,"column":null}}],"line":143},"10":{"loc":{"start":{"line":164,"column":14},"end":{"line":164,"column":65}},"type":"cond-expr","locations":[{"start":{"line":164,"column":32},"end":{"line":164,"column":45}},{"start":{"line":164,"column":45},"end":{"line":164,"column":65}}],"line":164},"11":{"loc":{"start":{"line":177,"column":4},"end":{"line":179,"column":null}},"type":"if","locations":[{"start":{"line":177,"column":4},"end":{"line":179,"column":null}},{"start":{},"end":{}}],"line":177},"12":{"loc":{"start":{"line":217,"column":10},"end":{"line":222,"column":null}},"type":"cond-expr","locations":[{"start":{"line":218,"column":14},"end":{"line":218,"column":null}},{"start":{"line":219,"column":14},"end":{"line":222,"column":null}}],"line":217},"13":{"loc":{"start":{"line":316,"column":21},"end":{"line":316,"column":58}},"type":"cond-expr","locations":[{"start":{"line":316,"column":35},"end":{"line":316,"column":44}},{"start":{"line":316,"column":44},"end":{"line":316,"column":58}}],"line":316},"14":{"loc":{"start":{"line":390,"column":25},"end":{"line":390,"column":null}},"type":"binary-expr","locations":[{"start":{"line":390,"column":25},"end":{"line":390,"column":35}},{"start":{"line":390,"column":35},"end":{"line":390,"column":null}}],"line":390},"15":{"loc":{"start":{"line":521,"column":17},"end":{"line":541,"column":null}},"type":"binary-expr","locations":[{"start":{"line":521,"column":17},"end":{"line":521,"column":null}},{"start":{"line":522,"column":18},"end":{"line":541,"column":null}}],"line":521},"16":{"loc":{"start":{"line":554,"column":17},"end":{"line":771,"column":17}},"type":"binary-expr","locations":[{"start":{"line":554,"column":17},"end":{"line":554,"column":null}},{"start":{"line":555,"column":18},"end":{"line":771,"column":17}}],"line":554},"17":{"loc":{"start":{"line":582,"column":39},"end":{"line":582,"column":79}},"type":"cond-expr","locations":[{"start":{"line":582,"column":61},"end":{"line":582,"column":70}},{"start":{"line":582,"column":70},"end":{"line":582,"column":79}}],"line":582},"18":{"loc":{"start":{"line":617,"column":25},"end":{"line":634,"column":null}},"type":"cond-expr","locations":[{"start":{"line":618,"column":26},"end":{"line":634,"column":27}},{"start":{"line":634,"column":26},"end":{"line":634,"column":null}}],"line":617},"19":{"loc":{"start":{"line":803,"column":24},"end":{"line":803,"column":null}},"type":"cond-expr","locations":[{"start":{"line":803,"column":37},"end":{"line":803,"column":54}},{"start":{"line":803,"column":54},"end":{"line":803,"column":null}}],"line":803},"20":{"loc":{"start":{"line":822,"column":11},"end":{"line":847,"column":null}},"type":"cond-expr","locations":[{"start":{"line":823,"column":12},"end":{"line":824,"column":20}},{"start":{"line":824,"column":14},"end":{"line":847,"column":null}}],"line":822},"21":{"loc":{"start":{"line":822,"column":11},"end":{"line":822,"column":null}},"type":"binary-expr","locations":[{"start":{"line":822,"column":11},"end":{"line":822,"column":22}},{"start":{"line":822,"column":22},"end":{"line":822,"column":null}}],"line":822},"22":{"loc":{"start":{"line":824,"column":14},"end":{"line":847,"column":null}},"type":"cond-expr","locations":[{"start":{"line":825,"column":12},"end":{"line":831,"column":13}},{"start":{"line":831,"column":12},"end":{"line":847,"column":null}}],"line":824},"23":{"loc":{"start":{"line":824,"column":14},"end":{"line":824,"column":null}},"type":"binary-expr","locations":[{"start":{"line":824,"column":14},"end":{"line":824,"column":36}},{"start":{"line":824,"column":36},"end":{"line":824,"column":50}},{"start":{"line":824,"column":50},"end":{"line":824,"column":null}}],"line":824},"24":{"loc":{"start":{"line":834,"column":20},"end":{"line":834,"column":null}},"type":"binary-expr","locations":[{"start":{"line":834,"column":20},"end":{"line":834,"column":45}},{"start":{"line":834,"column":45},"end":{"line":834,"column":null}}],"line":834},"25":{"loc":{"start":{"line":835,"column":21},"end":{"line":835,"column":null}},"type":"binary-expr","locations":[{"start":{"line":835,"column":21},"end":{"line":835,"column":47}},{"start":{"line":835,"column":47},"end":{"line":835,"column":null}}],"line":835},"26":{"loc":{"start":{"line":902,"column":9},"end":{"line":902,"column":null}},"type":"cond-expr","locations":[{"start":{"line":902,"column":22},"end":{"line":902,"column":44}},{"start":{"line":902,"column":44},"end":{"line":902,"column":null}}],"line":902},"27":{"loc":{"start":{"line":916,"column":9},"end":{"line":920,"column":null}},"type":"cond-expr","locations":[{"start":{"line":917,"column":12},"end":{"line":917,"column":null}},{"start":{"line":918,"column":12},"end":{"line":920,"column":null}}],"line":916},"28":{"loc":{"start":{"line":918,"column":12},"end":{"line":920,"column":null}},"type":"cond-expr","locations":[{"start":{"line":919,"column":14},"end":{"line":919,"column":null}},{"start":{"line":920,"column":14},"end":{"line":920,"column":null}}],"line":918},"29":{"loc":{"start":{"line":923,"column":7},"end":{"line":933,"column":null}},"type":"binary-expr","locations":[{"start":{"line":923,"column":7},"end":{"line":923,"column":null}},{"start":{"line":924,"column":8},"end":{"line":933,"column":null}}],"line":923}},"s":{"0":1,"1":29,"2":29,"3":29,"4":29,"5":29,"6":29,"7":29,"8":29,"9":29,"10":29,"11":29,"12":29,"13":29,"14":13,"15":1,"16":12,"17":12,"18":12,"19":8,"20":4,"21":4,"22":29,"23":13,"24":29,"25":29,"26":29,"27":29,"28":29,"29":29,"30":29,"31":0,"32":0,"33":0,"34":0,"35":5,"36":0,"37":0,"38":1,"39":0,"40":0,"41":0,"42":0,"43":0,"44":1,"45":29,"46":1,"47":0,"48":1,"49":1,"50":0,"51":0},"f":{"0":29,"1":13,"2":12,"3":13,"4":0,"5":5,"6":0,"7":1,"8":0,"9":0,"10":1,"11":1,"12":0,"13":1,"14":0,"15":0},"b":{"0":[0,29],"1":[0,0],"2":[1,12],"3":[8,4],"4":[13,9],"5":[29,0],"6":[29,0],"7":[29,0],"8":[29,18],"9":[29,11],"10":[0,0],"11":[0,0],"12":[29,0],"13":[29,0],"14":[29,29],"15":[29,11],"16":[29,4],"17":[0,4],"18":[0,4],"19":[0,29],"20":[0,29],"21":[29,0],"22":[0,29],"23":[29,0,0],"24":[29,0],"25":[29,0],"26":[0,0],"27":[0,0],"28":[0,0],"29":[0,0]},"meta":{"lastBranch":30,"lastFunction":16,"lastStatement":52,"seen":{"s:41:21:41:Infinity":0,"f:43:24:43:36":0,"s:44:23:44:40":1,"s:46:40:46:Infinity":2,"s:48:26:48:Infinity":3,"s:50:30:50:Infinity":4,"s:52:30:52:63":5,"s:54:26:54:Infinity":6,"s:56:28:56:Infinity":7,"s:58:46:61:Infinity":8,"s:63:31:63:51":9,"s:65:29:65:53":10,"s:67:25:69:Infinity":11,"b:68:7:68:Infinity:69:6:69:Infinity":0,"b:68:7:68:49:68:49:68:Infinity":1,"s:79:22:79:Infinity":12,"s:90:2:106:Infinity":13,"f:90:2:90:18":1,"b:91:4:93:Infinity:undefined:undefined:undefined:undefined":2,"s:91:4:93:Infinity":14,"s:92:6:92:Infinity":15,"s:95:23:95:Infinity":16,"s:97:4:105:Infinity":17,"f:97:4:97:15":2,"b:98:6:100:Infinity:undefined:undefined:undefined:undefined":3,"s:98:6:100:Infinity":18,"s:99:8:99:Infinity":19,"s:102:6:102:Infinity":20,"s:104:6:104:Infinity":21,"s:108:16:119:Infinity":22,"f:108:16:108:Infinity":3,"s:109:11:117:Infinity":23,"b:110:14:110:24:110:24:110:Infinity":4,"s:121:60:121:Infinity":24,"s:123:16:123:Infinity":25,"b:123:16:123:42:123:42:123:Infinity":5,"s:125:16:125:Infinity":26,"b:125:16:125:30:125:30:125:Infinity":6,"s:128:4:130:Infinity":27,"b:129:8:129:Infinity:130:8:130:Infinity":7,"s:132:24:132:Infinity":28,"s:134:21:134:Infinity":29,"b:134:21:134:40:134:40:134:Infinity":8,"s:143:22:143:Infinity":30,"b:143:22:143:41:143:41:143:Infinity":9,"f:145:11:145:26":4,"s:146:4:146:Infinity":31,"s:148:4:148:Infinity":32,"s:150:4:150:Infinity":33,"s:152:4:152:Infinity":34,"f:155:11:155:30":5,"s:160:4:160:Infinity":35,"f:163:11:163:30":6,"s:164:4:164:Infinity":36,"b:164:32:164:45:164:45:164:65":10,"s:166:4:166:Infinity":37,"f:169:11:169:34":7,"s:170:4:173:Infinity":38,"f:176:11:176:34":8,"b:177:4:179:Infinity:undefined:undefined:undefined:undefined":11,"s:177:4:179:Infinity":39,"s:178:6:178:Infinity":40,"s:181:22:181:Infinity":41,"s:183:4:198:Infinity":42,"f:191:8:191:25":9,"s:192:10:195:Infinity":43,"f:201:11:201:28":10,"s:202:4:205:Infinity":44,"s:208:2:849:Infinity":45,"b:218:14:218:Infinity:219:14:222:Infinity":12,"b:316:35:316:44:316:44:316:58":13,"b:390:25:390:35:390:35:390:Infinity":14,"b:521:17:521:Infinity:522:18:541:Infinity":15,"b:554:17:554:Infinity:555:18:771:17":16,"b:582:61:582:70:582:70:582:79":17,"b:618:26:634:27:634:26:634:Infinity":18,"f:776:18:776:33":11,"s:776:33:776:Infinity":46,"b:803:37:803:54:803:54:803:Infinity":19,"b:823:12:824:20:824:14:847:Infinity":20,"b:822:11:822:22:822:22:822:Infinity":21,"f:823:24:823:39":12,"s:823:39:823:56":47,"b:825:12:831:13:831:12:847:Infinity":22,"b:824:14:824:36:824:36:824:50:824:50:824:Infinity":23,"b:834:20:834:45:834:45:834:Infinity":24,"b:835:21:835:47:835:47:835:Infinity":25,"f:839:14:839:35":13,"s:840:16:840:Infinity":48,"s:841:16:841:Infinity":49,"f:853:9:853:20":14,"s:862:2:935:Infinity":50,"b:902:22:902:44:902:44:902:Infinity":26,"b:917:12:917:Infinity:918:12:920:Infinity":27,"b:919:14:919:Infinity:920:14:920:Infinity":28,"b:923:7:923:Infinity:924:8:933:Infinity":29,"f:939:9:939:20":15,"s:940:2:1003:Infinity":51},"fnNames":{}}}
}
